{"/Users/ashleyngoetjana/Projects/papaya/crypto-graph/expo-env.d.ts": {"path":"/Users/ashleyngoetjana/Projects/papaya/crypto-graph/expo-env.d.ts","statementMap":{},"fnMap":{},"branchMap":{},"s":{},"f":{},"b":{}}
,"/Users/ashleyngoetjana/Projects/papaya/crypto-graph/.expo/types/router.d.ts": {"path":"/Users/ashleyngoetjana/Projects/papaya/crypto-graph/.expo/types/router.d.ts","statementMap":{},"fnMap":{},"branchMap":{},"s":{},"f":{},"b":{}}
,"/Users/ashleyngoetjana/Projects/papaya/crypto-graph/app/index.tsx": {"path":"/Users/ashleyngoetjana/Projects/papaya/crypto-graph/app/index.tsx","statementMap":{"0":{"start":{"line":10,"column":16},"end":{"line":19,"column":1}},"1":{"start":{"line":11,"column":26},"end":{"line":11,"column":38}},"2":{"start":{"line":12,"column":2},"end":{"line":18,"column":4}}},"fnMap":{"0":{"name":"(anonymous_0)","decl":{"start":{"line":10,"column":16},"end":{"line":10,"column":17}},"loc":{"start":{"line":10,"column":22},"end":{"line":19,"column":1}},"line":10}},"branchMap":{"0":{"loc":{"start":{"line":16,"column":7},"end":{"line":16,"column":74}},"type":"binary-expr","locations":[{"start":{"line":16,"column":7},"end":{"line":16,"column":19}},{"start":{"line":16,"column":23},"end":{"line":16,"column":74}}],"line":16}},"s":{"0":0,"1":0,"2":0},"f":{"0":0},"b":{"0":[0,0]}}
,"/Users/ashleyngoetjana/Projects/papaya/crypto-graph/app/components/connectivity/index.tsx": {"path":"/Users/ashleyngoetjana/Projects/papaya/crypto-graph/app/components/connectivity/index.tsx","statementMap":{"0":{"start":{"line":11,"column":32},"end":{"line":26,"column":1}},"1":{"start":{"line":12,"column":2},"end":{"line":25,"column":4}}},"fnMap":{"0":{"name":"(anonymous_0)","decl":{"start":{"line":11,"column":32},"end":{"line":11,"column":33}},"loc":{"start":{"line":11,"column":62},"end":{"line":26,"column":1}},"line":11}},"branchMap":{},"s":{"0":1,"1":3},"f":{"0":3},"b":{},"_coverageSchema":"1a1c01bbd47fc00a2c39e90264f33305004495a9","hash":"6a6efb7040fdeaa455625c47abcfaf547fd46d76"}
,"/Users/ashleyngoetjana/Projects/papaya/crypto-graph/app/components/connectivity/styles.ts": {"path":"/Users/ashleyngoetjana/Projects/papaya/crypto-graph/app/components/connectivity/styles.ts","statementMap":{"0":{"start":{"line":3,"column":15},"end":{"line":22,"column":2}}},"fnMap":{},"branchMap":{},"s":{"0":1},"f":{},"b":{},"_coverageSchema":"1a1c01bbd47fc00a2c39e90264f33305004495a9","hash":"b7a457380e7795bace7a16f3ae406bcd3594d518"}
,"/Users/ashleyngoetjana/Projects/papaya/crypto-graph/app/components/crypograph/index.tsx": {"path":"/Users/ashleyngoetjana/Projects/papaya/crypto-graph/app/components/crypograph/index.tsx","statementMap":{"0":{"start":{"line":14,"column":31},"end":{"line":108,"column":1}},"1":{"start":{"line":15,"column":20},"end":{"line":15,"column":44}},"2":{"start":{"line":16,"column":32},"end":{"line":21,"column":4}},"3":{"start":{"line":22,"column":2},"end":{"line":107,"column":4}},"4":{"start":{"line":58,"column":38},"end":{"line":58,"column":70}},"5":{"start":{"line":59,"column":43},"end":{"line":59,"column":74}},"6":{"start":{"line":64,"column":14},"end":{"line":78,"column":15}},"7":{"start":{"line":65,"column":16},"end":{"line":77,"column":18}},"8":{"start":{"line":79,"column":14},"end":{"line":79,"column":26}},"9":{"start":{"line":82,"column":32},"end":{"line":82,"column":78}},"10":{"start":{"line":84,"column":14},"end":{"line":97,"column":21}},"11":{"start":{"line":86,"column":20},"end":{"line":90,"column":22}}},"fnMap":{"0":{"name":"(anonymous_0)","decl":{"start":{"line":14,"column":31},"end":{"line":14,"column":32}},"loc":{"start":{"line":14,"column":69},"end":{"line":108,"column":1}},"line":14},"1":{"name":"(anonymous_1)","decl":{"start":{"line":58,"column":21},"end":{"line":58,"column":22}},"loc":{"start":{"line":58,"column":38},"end":{"line":58,"column":70}},"line":58},"2":{"name":"(anonymous_2)","decl":{"start":{"line":59,"column":26},"end":{"line":59,"column":27}},"loc":{"start":{"line":59,"column":43},"end":{"line":59,"column":74}},"line":59},"3":{"name":"(anonymous_3)","decl":{"start":{"line":63,"column":23},"end":{"line":63,"column":24}},"loc":{"start":{"line":63,"column":29},"end":{"line":80,"column":13}},"line":63},"4":{"name":"(anonymous_4)","decl":{"start":{"line":81,"column":30},"end":{"line":81,"column":31}},"loc":{"start":{"line":81,"column":40},"end":{"line":98,"column":13}},"line":81},"5":{"name":"(anonymous_5)","decl":{"start":{"line":85,"column":30},"end":{"line":85,"column":31}},"loc":{"start":{"line":85,"column":49},"end":{"line":91,"column":19}},"line":85}},"branchMap":{"0":{"loc":{"start":{"line":24,"column":7},"end":{"line":34,"column":7}},"type":"cond-expr","locations":[{"start":{"line":25,"column":8},"end":{"line":29,"column":10}},{"start":{"line":31,"column":8},"end":{"line":33,"column":15}}],"line":24},"1":{"loc":{"start":{"line":37,"column":9},"end":{"line":104,"column":9}},"type":"cond-expr","locations":[{"start":{"line":38,"column":10},"end":{"line":99,"column":12}},{"start":{"line":101,"column":10},"end":{"line":103,"column":17}}],"line":37},"2":{"loc":{"start":{"line":58,"column":22},"end":{"line":58,"column":33}},"type":"default-arg","locations":[{"start":{"line":58,"column":32},"end":{"line":58,"column":33}}],"line":58},"3":{"loc":{"start":{"line":59,"column":27},"end":{"line":59,"column":38}},"type":"default-arg","locations":[{"start":{"line":59,"column":37},"end":{"line":59,"column":38}}],"line":59},"4":{"loc":{"start":{"line":64,"column":14},"end":{"line":78,"column":15}},"type":"if","locations":[{"start":{"line":64,"column":14},"end":{"line":78,"column":15}},{"start":{},"end":{}}],"line":64},"5":{"loc":{"start":{"line":82,"column":32},"end":{"line":82,"column":78}},"type":"binary-expr","locations":[{"start":{"line":82,"column":32},"end":{"line":82,"column":53}},{"start":{"line":82,"column":57},"end":{"line":82,"column":78}}],"line":82},"6":{"loc":{"start":{"line":84,"column":14},"end":{"line":97,"column":20}},"type":"cond-expr","locations":[{"start":{"line":85,"column":18},"end":{"line":91,"column":20}},{"start":{"line":92,"column":18},"end":{"line":97,"column":20}}],"line":84}},"s":{"0":1,"1":3,"2":3,"3":3,"4":22,"5":6,"6":2,"7":0,"8":2,"9":0,"10":0,"11":0},"f":{"0":3,"1":22,"2":6,"3":2,"4":0,"5":0},"b":{"0":[2,1],"1":[2,1],"2":[0],"3":[0],"4":[0,2],"5":[0,0],"6":[0,0]},"_coverageSchema":"1a1c01bbd47fc00a2c39e90264f33305004495a9","hash":"1f88bd9f68aa1b83e2786d94850ac686bb481f04"}
,"/Users/ashleyngoetjana/Projects/papaya/crypto-graph/app/components/crypograph/styles.ts": {"path":"/Users/ashleyngoetjana/Projects/papaya/crypto-graph/app/components/crypograph/styles.ts","statementMap":{"0":{"start":{"line":3,"column":15},"end":{"line":25,"column":2}}},"fnMap":{},"branchMap":{},"s":{"0":1},"f":{},"b":{},"_coverageSchema":"1a1c01bbd47fc00a2c39e90264f33305004495a9","hash":"06620cc6c7e962da50ebcd13366536241ea9813c"}
,"/Users/ashleyngoetjana/Projects/papaya/crypto-graph/app/components/crypoitem/index.tsx": {"path":"/Users/ashleyngoetjana/Projects/papaya/crypto-graph/app/components/crypoitem/index.tsx","statementMap":{"0":{"start":{"line":14,"column":30},"end":{"line":47,"column":1}},"1":{"start":{"line":21,"column":2},"end":{"line":46,"column":4}}},"fnMap":{"0":{"name":"(anonymous_0)","decl":{"start":{"line":14,"column":30},"end":{"line":14,"column":31}},"loc":{"start":{"line":20,"column":6},"end":{"line":47,"column":1}},"line":20}},"branchMap":{"0":{"loc":{"start":{"line":33,"column":9},"end":{"line":39,"column":9}},"type":"cond-expr","locations":[{"start":{"line":34,"column":10},"end":{"line":34,"column":31}},{"start":{"line":36,"column":10},"end":{"line":38,"column":17}}],"line":33},"1":{"loc":{"start":{"line":36,"column":32},"end":{"line":36,"column":72}},"type":"cond-expr","locations":[{"start":{"line":36,"column":57},"end":{"line":36,"column":64}},{"start":{"line":36,"column":67},"end":{"line":36,"column":72}}],"line":36},"2":{"loc":{"start":{"line":37,"column":16},"end":{"line":37,"column":49}},"type":"cond-expr","locations":[{"start":{"line":37,"column":41},"end":{"line":37,"column":44}},{"start":{"line":37,"column":47},"end":{"line":37,"column":49}}],"line":37}},"s":{"0":2,"1":5},"f":{"0":5},"b":{"0":[0,5],"1":[5,0],"2":[5,0]},"_coverageSchema":"1a1c01bbd47fc00a2c39e90264f33305004495a9","hash":"822703eab73801da05c5a4e030440c59db5e9ddf"}
,"/Users/ashleyngoetjana/Projects/papaya/crypto-graph/app/components/crypoitem/styles.ts": {"path":"/Users/ashleyngoetjana/Projects/papaya/crypto-graph/app/components/crypoitem/styles.ts","statementMap":{"0":{"start":{"line":3,"column":15},"end":{"line":26,"column":2}}},"fnMap":{},"branchMap":{},"s":{"0":2},"f":{},"b":{},"_coverageSchema":"1a1c01bbd47fc00a2c39e90264f33305004495a9","hash":"f280fe839bdc2de03f5532028eecdfd1bc9e7a03"}
,"/Users/ashleyngoetjana/Projects/papaya/crypto-graph/app/components/skeleton/index.tsx": {"path":"/Users/ashleyngoetjana/Projects/papaya/crypto-graph/app/components/skeleton/index.tsx","statementMap":{"0":{"start":{"line":9,"column":28},"end":{"line":40,"column":1}},"1":{"start":{"line":10,"column":18},"end":{"line":10,"column":49}},"2":{"start":{"line":12,"column":2},"end":{"line":27,"column":16}},"3":{"start":{"line":13,"column":4},"end":{"line":26,"column":14}},"4":{"start":{"line":29,"column":2},"end":{"line":39,"column":4}}},"fnMap":{"0":{"name":"(anonymous_0)","decl":{"start":{"line":9,"column":28},"end":{"line":9,"column":29}},"loc":{"start":{"line":9,"column":51},"end":{"line":40,"column":1}},"line":9},"1":{"name":"(anonymous_1)","decl":{"start":{"line":12,"column":12},"end":{"line":12,"column":13}},"loc":{"start":{"line":12,"column":18},"end":{"line":27,"column":3}},"line":12}},"branchMap":{},"s":{"0":2,"1":4,"2":4,"3":4,"4":4},"f":{"0":4,"1":4},"b":{},"_coverageSchema":"1a1c01bbd47fc00a2c39e90264f33305004495a9","hash":"f2fe5465f4b1fabd26afcce6fb205cdc2921c6ee"}
,"/Users/ashleyngoetjana/Projects/papaya/crypto-graph/app/components/switcher/index.tsx": {"path":"/Users/ashleyngoetjana/Projects/papaya/crypto-graph/app/components/switcher/index.tsx","statementMap":{"0":{"start":{"line":12,"column":28},"end":{"line":37,"column":1}},"1":{"start":{"line":13,"column":2},"end":{"line":36,"column":4}},"2":{"start":{"line":16,"column":23},"end":{"line":16,"column":34}},"3":{"start":{"line":26,"column":23},"end":{"line":26,"column":34}}},"fnMap":{"0":{"name":"(anonymous_0)","decl":{"start":{"line":12,"column":28},"end":{"line":12,"column":29}},"loc":{"start":{"line":12,"column":53},"end":{"line":37,"column":1}},"line":12},"1":{"name":"(anonymous_1)","decl":{"start":{"line":16,"column":17},"end":{"line":16,"column":18}},"loc":{"start":{"line":16,"column":23},"end":{"line":16,"column":34}},"line":16},"2":{"name":"(anonymous_2)","decl":{"start":{"line":26,"column":17},"end":{"line":26,"column":18}},"loc":{"start":{"line":26,"column":23},"end":{"line":26,"column":34}},"line":26}},"branchMap":{"0":{"loc":{"start":{"line":19,"column":29},"end":{"line":19,"column":59}},"type":"cond-expr","locations":[{"start":{"line":19,"column":43},"end":{"line":19,"column":49}},{"start":{"line":19,"column":52},"end":{"line":19,"column":59}}],"line":19},"1":{"loc":{"start":{"line":29,"column":29},"end":{"line":29,"column":59}},"type":"cond-expr","locations":[{"start":{"line":29,"column":43},"end":{"line":29,"column":49}},{"start":{"line":29,"column":52},"end":{"line":29,"column":59}}],"line":29}},"s":{"0":1,"1":5,"2":1,"3":1},"f":{"0":5,"1":1,"2":1},"b":{"0":[3,2],"1":[2,3]},"_coverageSchema":"1a1c01bbd47fc00a2c39e90264f33305004495a9","hash":"97dbf390dd7e12e85e2511ce6c7473f01310d023"}
,"/Users/ashleyngoetjana/Projects/papaya/crypto-graph/app/components/switcher/styles.ts": {"path":"/Users/ashleyngoetjana/Projects/papaya/crypto-graph/app/components/switcher/styles.ts","statementMap":{"0":{"start":{"line":3,"column":15},"end":{"line":25,"column":2}}},"fnMap":{},"branchMap":{},"s":{"0":1},"f":{},"b":{},"_coverageSchema":"1a1c01bbd47fc00a2c39e90264f33305004495a9","hash":"784f59350bba0db25c11be56cd936bd876e52937"}
,"/Users/ashleyngoetjana/Projects/papaya/crypto-graph/app/constants/Colors.ts": {"path":"/Users/ashleyngoetjana/Projects/papaya/crypto-graph/app/constants/Colors.ts","statementMap":{"0":{"start":{"line":6,"column":23},"end":{"line":6,"column":32}},"1":{"start":{"line":7,"column":22},"end":{"line":7,"column":28}},"2":{"start":{"line":9,"column":22},"end":{"line":26,"column":1}}},"fnMap":{},"branchMap":{},"s":{"0":0,"1":0,"2":0},"f":{},"b":{}}
,"/Users/ashleyngoetjana/Projects/papaya/crypto-graph/app/hooks/useWebSockets.ts": {"path":"/Users/ashleyngoetjana/Projects/papaya/crypto-graph/app/hooks/useWebSockets.ts","statementMap":{"0":{"start":{"line":6,"column":21},"end":{"line":42,"column":1}},"1":{"start":{"line":7,"column":19},"end":{"line":7,"column":32}},"2":{"start":{"line":9,"column":2},"end":{"line":41,"column":17}},"3":{"start":{"line":10,"column":15},"end":{"line":10,"column":79}},"4":{"start":{"line":12,"column":4},"end":{"line":17,"column":6}},"5":{"start":{"line":13,"column":6},"end":{"line":15,"column":8}},"6":{"start":{"line":16,"column":6},"end":{"line":16,"column":45}},"7":{"start":{"line":19,"column":4},"end":{"line":24,"column":13}},"8":{"start":{"line":20,"column":23},"end":{"line":20,"column":46}},"9":{"start":{"line":21,"column":6},"end":{"line":23,"column":7}},"10":{"start":{"line":22,"column":8},"end":{"line":22,"column":55}},"11":{"start":{"line":26,"column":4},"end":{"line":31,"column":6}},"12":{"start":{"line":27,"column":6},"end":{"line":29,"column":8}},"13":{"start":{"line":30,"column":6},"end":{"line":30,"column":45}},"14":{"start":{"line":33,"column":4},"end":{"line":40,"column":6}},"15":{"start":{"line":34,"column":6},"end":{"line":39,"column":8}},"16":{"start":{"line":35,"column":8},"end":{"line":37,"column":10}},"17":{"start":{"line":38,"column":8},"end":{"line":38,"column":40}}},"fnMap":{"0":{"name":"(anonymous_0)","decl":{"start":{"line":6,"column":21},"end":{"line":6,"column":22}},"loc":{"start":{"line":6,"column":27},"end":{"line":42,"column":1}},"line":6},"1":{"name":"(anonymous_1)","decl":{"start":{"line":9,"column":12},"end":{"line":9,"column":13}},"loc":{"start":{"line":9,"column":18},"end":{"line":41,"column":3}},"line":9},"2":{"name":"(anonymous_2)","decl":{"start":{"line":12,"column":16},"end":{"line":12,"column":17}},"loc":{"start":{"line":12,"column":22},"end":{"line":17,"column":5}},"line":12},"3":{"name":"(anonymous_3)","decl":{"start":{"line":19,"column":30},"end":{"line":19,"column":31}},"loc":{"start":{"line":19,"column":41},"end":{"line":24,"column":5}},"line":19},"4":{"name":"(anonymous_4)","decl":{"start":{"line":26,"column":17},"end":{"line":26,"column":18}},"loc":{"start":{"line":26,"column":23},"end":{"line":31,"column":5}},"line":26},"5":{"name":"(anonymous_5)","decl":{"start":{"line":33,"column":11},"end":{"line":33,"column":12}},"loc":{"start":{"line":33,"column":17},"end":{"line":40,"column":5}},"line":33},"6":{"name":"(anonymous_6)","decl":{"start":{"line":34,"column":19},"end":{"line":34,"column":20}},"loc":{"start":{"line":34,"column":30},"end":{"line":39,"column":7}},"line":34}},"branchMap":{"0":{"loc":{"start":{"line":21,"column":6},"end":{"line":23,"column":7}},"type":"if","locations":[{"start":{"line":21,"column":6},"end":{"line":23,"column":7}},{"start":{},"end":{}}],"line":21}},"s":{"0":0,"1":0,"2":0,"3":0,"4":0,"5":0,"6":0,"7":0,"8":0,"9":0,"10":0,"11":0,"12":0,"13":0,"14":0,"15":0,"16":0,"17":0},"f":{"0":0,"1":0,"2":0,"3":0,"4":0,"5":0,"6":0},"b":{"0":[0,0]}}
,"/Users/ashleyngoetjana/Projects/papaya/crypto-graph/app/navigation/index.tsx": {"path":"/Users/ashleyngoetjana/Projects/papaya/crypto-graph/app/navigation/index.tsx","statementMap":{"0":{"start":{"line":5,"column":13},"end":{"line":15,"column":1}},"1":{"start":{"line":6,"column":2},"end":{"line":6,"column":17}},"2":{"start":{"line":7,"column":39},"end":{"line":7,"column":67}},"3":{"start":{"line":8,"column":2},"end":{"line":14,"column":4}}},"fnMap":{"0":{"name":"(anonymous_0)","decl":{"start":{"line":5,"column":13},"end":{"line":5,"column":14}},"loc":{"start":{"line":5,"column":19},"end":{"line":15,"column":1}},"line":5}},"branchMap":{},"s":{"0":0,"1":0,"2":0,"3":0},"f":{"0":0},"b":{}}
,"/Users/ashleyngoetjana/Projects/papaya/crypto-graph/app/screens/home/index.tsx": {"path":"/Users/ashleyngoetjana/Projects/papaya/crypto-graph/app/screens/home/index.tsx","statementMap":{"0":{"start":{"line":10,"column":17},"end":{"line":50,"column":1}},"1":{"start":{"line":11,"column":28},"end":{"line":11,"column":39}},"2":{"start":{"line":12,"column":43},"end":{"line":14,"column":3}},"3":{"start":{"line":13,"column":15},"end":{"line":13,"column":35}},"4":{"start":{"line":16,"column":19},"end":{"line":19,"column":3}},"5":{"start":{"line":17,"column":10},"end":{"line":17,"column":64}},"6":{"start":{"line":17,"column":33},"end":{"line":17,"column":63}},"7":{"start":{"line":21,"column":19},"end":{"line":24,"column":3}},"8":{"start":{"line":22,"column":10},"end":{"line":22,"column":64}},"9":{"start":{"line":22,"column":33},"end":{"line":22,"column":63}},"10":{"start":{"line":26,"column":2},"end":{"line":49,"column":4}}},"fnMap":{"0":{"name":"(anonymous_0)","decl":{"start":{"line":10,"column":17},"end":{"line":10,"column":18}},"loc":{"start":{"line":10,"column":23},"end":{"line":50,"column":1}},"line":10},"1":{"name":"(anonymous_1)","decl":{"start":{"line":13,"column":4},"end":{"line":13,"column":5}},"loc":{"start":{"line":13,"column":15},"end":{"line":13,"column":35}},"line":13},"2":{"name":"(anonymous_2)","decl":{"start":{"line":17,"column":4},"end":{"line":17,"column":5}},"loc":{"start":{"line":17,"column":10},"end":{"line":17,"column":64}},"line":17},"3":{"name":"(anonymous_3)","decl":{"start":{"line":17,"column":23},"end":{"line":17,"column":24}},"loc":{"start":{"line":17,"column":33},"end":{"line":17,"column":63}},"line":17},"4":{"name":"(anonymous_4)","decl":{"start":{"line":22,"column":4},"end":{"line":22,"column":5}},"loc":{"start":{"line":22,"column":10},"end":{"line":22,"column":64}},"line":22},"5":{"name":"(anonymous_5)","decl":{"start":{"line":22,"column":23},"end":{"line":22,"column":24}},"loc":{"start":{"line":22,"column":33},"end":{"line":22,"column":63}},"line":22}},"branchMap":{"0":{"loc":{"start":{"line":42,"column":9},"end":{"line":46,"column":9}},"type":"cond-expr","locations":[{"start":{"line":43,"column":10},"end":{"line":43,"column":70}},{"start":{"line":45,"column":10},"end":{"line":45,"column":70}}],"line":42}},"s":{"0":0,"1":0,"2":0,"3":0,"4":0,"5":0,"6":0,"7":0,"8":0,"9":0,"10":0},"f":{"0":0,"1":0,"2":0,"3":0,"4":0,"5":0},"b":{"0":[0,0]}}
,"/Users/ashleyngoetjana/Projects/papaya/crypto-graph/app/screens/home/styles.ts": {"path":"/Users/ashleyngoetjana/Projects/papaya/crypto-graph/app/screens/home/styles.ts","statementMap":{"0":{"start":{"line":3,"column":15},"end":{"line":15,"column":2}}},"fnMap":{},"branchMap":{},"s":{"0":0},"f":{},"b":{}}
,"/Users/ashleyngoetjana/Projects/papaya/crypto-graph/app/store/index.ts": {"path":"/Users/ashleyngoetjana/Projects/papaya/crypto-graph/app/store/index.ts","statementMap":{"0":{"start":{"line":4,"column":14},"end":{"line":6,"column":2}}},"fnMap":{},"branchMap":{},"s":{"0":0},"f":{},"b":{}}
,"/Users/ashleyngoetjana/Projects/papaya/crypto-graph/app/store/slice/index.ts": {"path":"/Users/ashleyngoetjana/Projects/papaya/crypto-graph/app/store/slice/index.ts","statementMap":{"0":{"start":{"line":3,"column":20},"end":{"line":43,"column":2}},"1":{"start":{"line":13,"column":37},"end":{"line":13,"column":52}},"2":{"start":{"line":14,"column":23},"end":{"line":14,"column":25}},"3":{"start":{"line":16,"column":6},"end":{"line":26,"column":7}},"4":{"start":{"line":17,"column":25},"end":{"line":17,"column":51}},"5":{"start":{"line":18,"column":8},"end":{"line":20,"column":9}},"6":{"start":{"line":19,"column":10},"end":{"line":19,"column":27}},"7":{"start":{"line":21,"column":8},"end":{"line":25,"column":10}},"8":{"start":{"line":28,"column":6},"end":{"line":38,"column":7}},"9":{"start":{"line":29,"column":25},"end":{"line":29,"column":51}},"10":{"start":{"line":30,"column":8},"end":{"line":32,"column":9}},"11":{"start":{"line":31,"column":10},"end":{"line":31,"column":27}},"12":{"start":{"line":33,"column":8},"end":{"line":37,"column":10}},"13":{"start":{"line":40,"column":6},"end":{"line":40,"column":19}},"14":{"start":{"line":45,"column":39},"end":{"line":45,"column":58}}},"fnMap":{"0":{"name":"(anonymous_0)","decl":{"start":{"line":12,"column":25},"end":{"line":12,"column":26}},"loc":{"start":{"line":12,"column":44},"end":{"line":41,"column":5}},"line":12}},"branchMap":{"0":{"loc":{"start":{"line":16,"column":6},"end":{"line":26,"column":7}},"type":"if","locations":[{"start":{"line":16,"column":6},"end":{"line":26,"column":7}},{"start":{},"end":{}}],"line":16},"1":{"loc":{"start":{"line":18,"column":8},"end":{"line":20,"column":9}},"type":"if","locations":[{"start":{"line":18,"column":8},"end":{"line":20,"column":9}},{"start":{},"end":{}}],"line":18},"2":{"loc":{"start":{"line":28,"column":6},"end":{"line":38,"column":7}},"type":"if","locations":[{"start":{"line":28,"column":6},"end":{"line":38,"column":7}},{"start":{},"end":{}}],"line":28},"3":{"loc":{"start":{"line":30,"column":8},"end":{"line":32,"column":9}},"type":"if","locations":[{"start":{"line":30,"column":8},"end":{"line":32,"column":9}},{"start":{},"end":{}}],"line":30}},"s":{"0":0,"1":0,"2":0,"3":0,"4":0,"5":0,"6":0,"7":0,"8":0,"9":0,"10":0,"11":0,"12":0,"13":0,"14":0},"f":{"0":0},"b":{"0":[0,0],"1":[0,0],"2":[0,0],"3":[0,0]}}
}
